info: Apr-02-2022 11:05:25: Server listing at http://localhost:3000
info: Apr-02-2022 11:08:17: Server listing at http://localhost:3000
info: Apr-02-2022 11:08:25: Server listing at http://localhost:3000
info: Apr-02-2022 11:08:30: Server listing at http://localhost:3000
info: Apr-02-2022 11:08:41: Server listing at http://localhost:3000
info: Apr-02-2022 11:08:55: Server listing at http://localhost:3000
info: Apr-02-2022 11:09:13: Server listing at http://localhost:3000
info: Apr-02-2022 11:09:56: POST /authenticationsss 404 157 - 331.817 ms

error: Apr-02-2022 11:10:18: 404 - Endpoint Not Found - /authenticationsss - GET - ::1
info: Apr-02-2022 11:10:18: GET /authenticationsss 404 32 - 7.478 ms

info: Apr-02-2022 11:11:10: Server listing at http://localhost:3000
error: Apr-02-2022 11:11:12: 404 - Endpoint Not Found - /authenticationsss - GET - ::1
info: Apr-02-2022 11:11:12: GET /authenticationsss 404 32 - 37.567 ms

info: Apr-02-2022 11:11:36: Server listing at http://localhost:3000
error: Apr-02-2022 11:11:36: 404 - Endpoint Not Found - /authenticationsss - GET - ::1
info: Apr-02-2022 11:11:36: GET /authenticationsss 404 32 - 41.841 ms

info: Apr-02-2022 11:12:02: Server listing at http://localhost:3000
info: Apr-02-2022 11:12:06: Server listing at http://localhost:3000
error: Apr-02-2022 11:12:08: 404 - Endpoint Not Found - /authenticationsss - GET - ::1
info: Apr-02-2022 11:12:08: GET /authenticationsss 404 32 - 37.575 ms

info: Apr-02-2022 11:13:52: Server listing at http://localhost:3000
info: Apr-02-2022 11:14:07: Server listing at http://localhost:3000
info: Apr-02-2022 11:14:25: Server listing at http://localhost:3000
error: Apr-02-2022 11:14:33: 404 - Endpoint Not Found - /authenticationsss - POST - ::1
info: Apr-02-2022 11:14:33: POST /authenticationsss 404 32 - 45.042 ms

info: Apr-02-2022 11:14:58: Server listing at http://localhost:3000
info: Apr-02-2022 11:15:07: Server listing at http://localhost:3000
info: Apr-02-2022 11:15:09: Server listing at http://localhost:3000
error: Apr-02-2022 11:15:41: uncaughtException: Cannot read property 'password' of undefined
TypeError: Cannot read property 'password' of undefined
    at D:\Code\recruitment\dipay\dipay-recrutment\src\models\user.model.js:39:21
    at Query.<anonymous> (D:\Code\recruitment\dipay\dipay-recrutment\node_modules\pg-pool\index.js:417:18)
    at Query.handleReadyForQuery (D:\Code\recruitment\dipay\dipay-recrutment\node_modules\pg\lib\query.js:138:12)
    at Client._handleReadyForQuery (D:\Code\recruitment\dipay\dipay-recrutment\node_modules\pg\lib\client.js:290:19)
    at Connection.emit (events.js:375:28)
    at D:\Code\recruitment\dipay\dipay-recrutment\node_modules\pg\lib\connection.js:114:12
    at Parser.parse (D:\Code\recruitment\dipay\dipay-recrutment\node_modules\pg-protocol\dist\parser.js:40:17)
    at Socket.<anonymous> (D:\Code\recruitment\dipay\dipay-recrutment\node_modules\pg-protocol\dist\index.js:11:42)
    at Socket.emit (events.js:375:28)
    at addChunk (internal/streams/readable.js:290:12)
info: Apr-02-2022 11:15:59: Server listing at http://localhost:3000
error: Apr-02-2022 11:16:00: uncaughtException: Cannot read property 'password' of undefined
TypeError: Cannot read property 'password' of undefined
    at D:\Code\recruitment\dipay\dipay-recrutment\src\models\user.model.js:39:21
    at Query.<anonymous> (D:\Code\recruitment\dipay\dipay-recrutment\node_modules\pg-pool\index.js:417:18)
    at Query.handleReadyForQuery (D:\Code\recruitment\dipay\dipay-recrutment\node_modules\pg\lib\query.js:138:12)
    at Client._handleReadyForQuery (D:\Code\recruitment\dipay\dipay-recrutment\node_modules\pg\lib\client.js:290:19)
    at Connection.emit (events.js:375:28)
    at D:\Code\recruitment\dipay\dipay-recrutment\node_modules\pg\lib\connection.js:114:12
    at Parser.parse (D:\Code\recruitment\dipay\dipay-recrutment\node_modules\pg-protocol\dist\parser.js:40:17)
    at Socket.<anonymous> (D:\Code\recruitment\dipay\dipay-recrutment\node_modules\pg-protocol\dist\index.js:11:42)
    at Socket.emit (events.js:375:28)
    at addChunk (internal/streams/readable.js:290:12)
info: Apr-02-2022 11:16:35: Server listing at http://localhost:3000
error: Apr-02-2022 11:16:36: uncaughtException: Cannot read property 'password' of undefined
TypeError: Cannot read property 'password' of undefined
    at D:\Code\recruitment\dipay\dipay-recrutment\src\models\user.model.js:39:21
    at Query.<anonymous> (D:\Code\recruitment\dipay\dipay-recrutment\node_modules\pg-pool\index.js:417:18)
    at Query.handleReadyForQuery (D:\Code\recruitment\dipay\dipay-recrutment\node_modules\pg\lib\query.js:138:12)
    at Client._handleReadyForQuery (D:\Code\recruitment\dipay\dipay-recrutment\node_modules\pg\lib\client.js:290:19)
    at Connection.emit (events.js:375:28)
    at D:\Code\recruitment\dipay\dipay-recrutment\node_modules\pg\lib\connection.js:114:12
    at Parser.parse (D:\Code\recruitment\dipay\dipay-recrutment\node_modules\pg-protocol\dist\parser.js:40:17)
    at Socket.<anonymous> (D:\Code\recruitment\dipay\dipay-recrutment\node_modules\pg-protocol\dist\index.js:11:42)
    at Socket.emit (events.js:375:28)
    at addChunk (internal/streams/readable.js:290:12)
info: Apr-02-2022 11:17:25: Server listing at http://localhost:3000
info: Apr-02-2022 11:17:44: Server listing at http://localhost:3000
info: Apr-02-2022 11:18:00: Server listing at http://localhost:3000
info: Apr-02-2022 11:18:07: Server listing at http://localhost:3000
error: Apr-02-2022 11:18:09: uncaughtException: Cannot read property 'password' of undefined
TypeError: Cannot read property 'password' of undefined
    at D:\Code\recruitment\dipay\dipay-recrutment\src\models\user.model.js:41:22
    at Query.<anonymous> (D:\Code\recruitment\dipay\dipay-recrutment\node_modules\pg-pool\index.js:417:18)
    at Query.handleReadyForQuery (D:\Code\recruitment\dipay\dipay-recrutment\node_modules\pg\lib\query.js:138:12)
    at Client._handleReadyForQuery (D:\Code\recruitment\dipay\dipay-recrutment\node_modules\pg\lib\client.js:290:19)
    at Connection.emit (events.js:375:28)
    at D:\Code\recruitment\dipay\dipay-recrutment\node_modules\pg\lib\connection.js:114:12
    at Parser.parse (D:\Code\recruitment\dipay\dipay-recrutment\node_modules\pg-protocol\dist\parser.js:40:17)
    at Socket.<anonymous> (D:\Code\recruitment\dipay\dipay-recrutment\node_modules\pg-protocol\dist\index.js:11:42)
    at Socket.emit (events.js:375:28)
    at addChunk (internal/streams/readable.js:290:12)
info: Apr-02-2022 11:18:27: Server listing at http://localhost:3000
info: Apr-02-2022 11:18:30: Server listing at http://localhost:3000
error: Apr-02-2022 11:18:32: uncaughtException: Cannot read property 'password' of undefined
TypeError: Cannot read property 'password' of undefined
    at D:\Code\recruitment\dipay\dipay-recrutment\src\models\user.model.js:43:22
    at Query.<anonymous> (D:\Code\recruitment\dipay\dipay-recrutment\node_modules\pg-pool\index.js:417:18)
    at Query.handleReadyForQuery (D:\Code\recruitment\dipay\dipay-recrutment\node_modules\pg\lib\query.js:138:12)
    at Client._handleReadyForQuery (D:\Code\recruitment\dipay\dipay-recrutment\node_modules\pg\lib\client.js:290:19)
    at Connection.emit (events.js:375:28)
    at D:\Code\recruitment\dipay\dipay-recrutment\node_modules\pg\lib\connection.js:114:12
    at Parser.parse (D:\Code\recruitment\dipay\dipay-recrutment\node_modules\pg-protocol\dist\parser.js:40:17)
    at Socket.<anonymous> (D:\Code\recruitment\dipay\dipay-recrutment\node_modules\pg-protocol\dist\index.js:11:42)
    at Socket.emit (events.js:375:28)
    at addChunk (internal/streams/readable.js:290:12)
info: Apr-02-2022 11:19:06: Server listing at http://localhost:3000
info: Apr-02-2022 11:19:09: Server listing at http://localhost:3000
info: Apr-02-2022 11:19:14: POST /authentications 401 28 - 189.058 ms

info: Apr-02-2022 11:19:22: Server listing at http://localhost:3000
info: Apr-02-2022 11:19:44: Server listing at http://localhost:3000
info: Apr-02-2022 11:19:51: POST /authentications 401 31 - 497.643 ms

info: Apr-02-2022 12:10:43: Server listing at http://localhost:3000
info: Apr-02-2022 12:11:11: Server listing at http://localhost:3000
info: Apr-02-2022 12:12:00: Server listing at http://localhost:3000
info: Apr-02-2022 12:12:27: Server listing at http://localhost:3000
info: Apr-02-2022 12:12:54: Server listing at http://localhost:3000
info: Apr-02-2022 12:13:13: Server listing at http://localhost:3000
info: Apr-02-2022 12:13:31: Server listing at http://localhost:3000
info: Apr-02-2022 12:13:58: Server listing at http://localhost:3000
info: Apr-02-2022 12:14:06: Server listing at http://localhost:3000
info: Apr-02-2022 12:14:17: Server listing at http://localhost:3000
info: Apr-02-2022 12:14:49: Server listing at http://localhost:3000
info: Apr-02-2022 12:15:12: Server listing at http://localhost:3000
info: Apr-02-2022 12:15:43: Server listing at http://localhost:3000
info: Apr-02-2022 12:16:06: Server listing at http://localhost:3000
info: Apr-02-2022 12:16:45: POST /users 201 40 - 652.657 ms

error: Apr-02-2022 12:17:02: 401 - User not Found - /authentications - POST - ::1
info: Apr-02-2022 12:17:02: POST /authentications 401 28 - 6.647 ms

error: Apr-02-2022 12:17:15: 401 - Password invalid! - /authentications - POST - ::1
info: Apr-02-2022 12:17:15: POST /authentications 401 31 - 273.320 ms

info: Apr-02-2022 12:17:23: POST /authentications 201 194 - 118.645 ms

error: Apr-02-2022 12:17:50: 500 - User not found! - /authentications - PUT - ::1
info: Apr-02-2022 12:17:50: PUT /authentications 500 29 - 6.694 ms

info: Apr-02-2022 12:18:02: PUT /authentications 200 194 - 10.705 ms

error: Apr-02-2022 12:18:45: 401 - User not found! - /authentications - DELETE - ::1
info: Apr-02-2022 12:18:45: DELETE /authentications 401 29 - 134.293 ms

info: Apr-02-2022 12:18:58: DELETE /authentications 200 53 - 10.205 ms

info: Apr-02-2022 12:19:19: POST /authentications 201 194 - 104.913 ms

info: Apr-02-2022 12:19:57: Server listing at http://localhost:3000
info: Apr-02-2022 12:20:18: Server listing at http://localhost:3000
info: Apr-02-2022 12:20:39: Server listing at http://localhost:3000
info: Apr-02-2022 12:21:02: Server listing at http://localhost:3000
info: Apr-02-2022 12:23:13: Server listing at http://localhost:3000
info: Apr-02-2022 12:24:06: Server listing at http://localhost:3000
info: Apr-02-2022 12:24:11: Server listing at http://localhost:3000
info: Apr-02-2022 12:24:44: Server listing at http://localhost:3000
info: Apr-02-2022 12:24:49: Server listing at http://localhost:3000
info: Apr-02-2022 12:25:51: Server listing at http://localhost:3000
info: Apr-02-2022 12:26:07: Server listing at http://localhost:3000
info: Apr-02-2022 12:26:47: Server listing at http://localhost:3000
info: Apr-02-2022 12:27:48: Server listing at http://localhost:3000
info: Apr-02-2022 12:28:01: Server listing at http://localhost:3000
info: Apr-02-2022 12:28:17: Server listing at http://localhost:3000
info: Apr-02-2022 12:28:22: Server listing at http://localhost:3000
info: Apr-02-2022 12:28:24: Server listing at http://localhost:3000
info: Apr-02-2022 12:28:35: POST /notes 201 31 - 388.103 ms

info: Apr-02-2022 12:28:55: POST /notes 201 31 - 12.381 ms

info: Apr-02-2022 12:29:00: GET /notes 200 1264 - 6.971 ms

info: Apr-02-2022 12:29:18: GET /notes/8 200 281 - 3.577 ms

info: Apr-02-2022 12:29:51: Server listing at http://localhost:3000
error: Apr-02-2022 12:29:52: 404 - Data not found - /notes/9 - GET - ::1
info: Apr-02-2022 12:29:52: GET /notes/9 404 28 - 384.075 ms

error: Apr-02-2022 12:30:03: 404 - Data not found - /notes/10 - GET - ::1
info: Apr-02-2022 12:30:03: GET /notes/10 404 28 - 5.093 ms

info: Apr-02-2022 12:30:07: GET /notes/8 200 281 - 2.626 ms

info: Apr-02-2022 12:30:07: GET /notes/8 200 281 - 1.488 ms

error: Apr-02-2022 12:30:35: 406 - Something went wrong with update note - /notes/9 - PUT - ::1
info: Apr-02-2022 12:30:35: PUT /notes/9 406 51 - 38.714 ms

info: Apr-02-2022 12:31:12: PUT /notes/7 200 274 - 234.222 ms

info: Apr-02-2022 12:31:17: PUT /notes/3 200 218 - 11.202 ms

info: Apr-02-2022 12:34:32: Server listing at http://localhost:3000
info: Apr-02-2022 12:34:38: Server listing at http://localhost:3000
info: Apr-02-2022 12:34:54: Server listing at http://localhost:3000
info: Apr-02-2022 12:35:48: Server listing at http://localhost:3000
info: Apr-02-2022 12:36:15: Server listing at http://localhost:3000
info: Apr-02-2022 12:36:21: Server listing at http://localhost:3000
info: Apr-02-2022 12:37:16: Server listing at http://localhost:3000
info: Apr-02-2022 12:37:34: Server listing at http://localhost:3000
info: Apr-02-2022 12:37:40: Server listing at http://localhost:3000
info: Apr-02-2022 12:37:44: Server listing at http://localhost:3000
info: Apr-02-2022 12:38:44: Server listing at http://localhost:3000
info: Apr-02-2022 12:38:57: Server listing at http://localhost:3000
info: Apr-02-2022 12:40:23: Server listing at http://localhost:3000
info: Apr-02-2022 12:41:13: Server listing at http://localhost:3000
info: Apr-02-2022 12:41:46: Server listing at http://localhost:3000
info: Apr-02-2022 12:42:17: Server listing at http://localhost:3000
info: Apr-02-2022 12:42:46: Server listing at http://localhost:3000
error: Apr-02-2022 12:42:52: 403 - This user dont have access - /notes/3 - PUT - ::1
info: Apr-02-2022 12:42:52: PUT /notes/3 403 40 - 456.400 ms

info: Apr-02-2022 12:42:59: PUT /notes/8 200 274 - 17.274 ms

info: Apr-02-2022 12:44:30: Server listing at http://localhost:3000
info: Apr-02-2022 12:44:32: Server listing at http://localhost:3000
error: Apr-02-2022 12:44:49: 401 - Something went wrong with your authentication - /notes/2 - DELETE - ::1
info: Apr-02-2022 12:44:49: DELETE /notes/2 401 59 - 429.839 ms

info: Apr-02-2022 12:45:04: GET /notes 200 1358 - 5.483 ms

error: Apr-02-2022 12:45:21: 403 - This user dont have access - /notes/4 - DELETE - ::1
info: Apr-02-2022 12:45:21: DELETE /notes/4 403 40 - 4.394 ms

error: Apr-02-2022 12:46:00: 403 - This user dont have access - /notes/5 - DELETE - ::1
info: Apr-02-2022 12:46:00: DELETE /notes/5 403 40 - 361.383 ms

info: Apr-02-2022 12:46:22: DELETE /notes/7 200 52 - 11.442 ms

info: Apr-02-2022 15:22:41: Server listing at http://localhost:3000
info: Apr-02-2022 15:25:28: Server listing at http://localhost:3000
info: Apr-02-2022 15:26:34: Server listing at http://localhost:3000
info: Apr-02-2022 15:27:09: Server listing at http://localhost:3000
info: Apr-02-2022 15:28:50: POST /users 201 309 - 827.171 ms

info: Apr-02-2022 15:29:34: Server listing at http://localhost:3000
info: Apr-02-2022 15:29:55: POST /users 201 31 - 498.783 ms

info: Apr-02-2022 15:31:24: Server listing at http://localhost:3000
info: Apr-02-2022 15:31:59: Server listing at http://localhost:3000
info: Apr-02-2022 15:32:16: POST /authentications 201 155 - 593.936 ms

info: Apr-02-2022 15:33:21: Server listing at http://localhost:3000
info: Apr-02-2022 15:33:34: Server listing at http://localhost:3000
info: Apr-02-2022 15:34:02: Server listing at http://localhost:3000
info: Apr-02-2022 15:34:07: POST /authentications 201 342 - 421.736 ms

info: Apr-02-2022 15:34:55: Server listing at http://localhost:3000
info: Apr-02-2022 15:35:00: POST /authentications 201 370 - 489.281 ms

info: Apr-02-2022 15:35:54: Server listing at http://localhost:3000
info: Apr-02-2022 15:36:20: Server listing at http://localhost:3000
info: Apr-02-2022 15:36:25: Server listing at http://localhost:3000
info: Apr-02-2022 15:36:52: Server listing at http://localhost:3000
info: Apr-02-2022 15:36:57: Server listing at http://localhost:3000
info: Apr-02-2022 15:37:12: Server listing at http://localhost:3000
info: Apr-02-2022 15:37:54: PUT /authentications 200 199 - 506.517 ms

info: Apr-02-2022 15:38:48: Server listing at http://localhost:3000
info: Apr-02-2022 15:39:50: Server listing at http://localhost:3000
info: Apr-02-2022 15:40:23: DELETE /authentications 200 21 - 434.997 ms

info: Apr-02-2022 15:42:58: POST /authentications 201 370 - 577.731 ms

info: Apr-02-2022 15:43:23: Server listing at http://localhost:3000
info: Apr-02-2022 15:44:07: Server listing at http://localhost:3000
info: Apr-02-2022 15:44:20: Server listing at http://localhost:3000
info: Apr-02-2022 15:45:12: Server listing at http://localhost:3000
info: Apr-02-2022 15:45:17: Server listing at http://localhost:3000
info: Apr-02-2022 15:45:31: Server listing at http://localhost:3000
error: Apr-02-2022 15:45:48: uncaughtException: noteId is not defined
ReferenceError: noteId is not defined
    at D:\Code\recruitment\dipay\dipay-recrutment\src\models\note.models.js:14:6
    at Query.<anonymous> (D:\Code\recruitment\dipay\dipay-recrutment\node_modules\pg-pool\index.js:417:18)
    at Query.handleReadyForQuery (D:\Code\recruitment\dipay\dipay-recrutment\node_modules\pg\lib\query.js:138:12)
    at Client._handleReadyForQuery (D:\Code\recruitment\dipay\dipay-recrutment\node_modules\pg\lib\client.js:290:19)
    at Connection.emit (events.js:375:28)
    at D:\Code\recruitment\dipay\dipay-recrutment\node_modules\pg\lib\connection.js:114:12
    at Parser.parse (D:\Code\recruitment\dipay\dipay-recrutment\node_modules\pg-protocol\dist\parser.js:40:17)
    at Socket.<anonymous> (D:\Code\recruitment\dipay\dipay-recrutment\node_modules\pg-protocol\dist\index.js:11:42)
    at Socket.emit (events.js:375:28)
    at addChunk (internal/streams/readable.js:290:12)
info: Apr-02-2022 15:46:13: Server listing at http://localhost:3000
info: Apr-02-2022 15:46:16: POST /notes 201 30 - 332.680 ms

info: Apr-02-2022 15:46:29: Server listing at http://localhost:3000
info: Apr-02-2022 15:46:31: POST /notes 201 41 - 330.156 ms

info: Apr-02-2022 15:47:13: Server listing at http://localhost:3000
info: Apr-02-2022 15:48:07: Server listing at http://localhost:3000
info: Apr-02-2022 15:48:14: GET /notes 200 1885 - 525.304 ms

info: Apr-02-2022 15:49:20: Server listing at http://localhost:3000
info: Apr-02-2022 15:49:43: Server listing at http://localhost:3000
info: Apr-02-2022 15:49:53: GET /notes/9 200 253 - 396.045 ms

info: Apr-02-2022 15:50:19: Server listing at http://localhost:3000
info: Apr-02-2022 15:50:22: GET /notes/9 200 281 - 318.574 ms

error: Apr-02-2022 15:51:46: 401 - Something went wrong with your authentication - /notes/10 - PUT - ::1
info: Apr-02-2022 15:51:46: PUT /notes/10 401 59 - 526.529 ms

error: Apr-02-2022 15:52:30: 401 - Something went wrong with your authentication - /notes/11 - PUT - ::1
info: Apr-02-2022 15:52:30: PUT /notes/11 401 59 - 297.614 ms

info: Apr-02-2022 15:54:20: Server listing at http://localhost:3000
error: Apr-02-2022 15:54:22: 401 - Something went wrong with your authentication - /notes/11 - PUT - ::1
info: Apr-02-2022 15:54:22: PUT /notes/11 401 59 - 572.951 ms

info: Apr-02-2022 15:54:40: Server listing at http://localhost:3000
error: Apr-02-2022 15:54:44: 401 - Something went wrong with your authentication - /notes/11 - PUT - ::1
info: Apr-02-2022 15:54:44: PUT /notes/11 401 59 - 459.148 ms

info: Apr-02-2022 15:54:59: Server listing at http://localhost:3000
info: Apr-02-2022 15:55:10: Server listing at http://localhost:3000
error: Apr-02-2022 15:55:14: 401 - Something went wrong with your authentication - /notes/11 - PUT - ::1
info: Apr-02-2022 15:55:14: PUT /notes/11 401 59 - 724.908 ms

info: Apr-02-2022 15:55:25: Server listing at http://localhost:3000
error: Apr-02-2022 15:55:28: 401 - Something went wrong with your authentication - /notes/11 - PUT - ::1
info: Apr-02-2022 15:55:28: PUT /notes/11 401 59 - 382.398 ms

info: Apr-02-2022 15:55:40: Server listing at http://localhost:3000
error: Apr-02-2022 15:55:44: 401 - Something went wrong with your authentication - /notes/11 - PUT - ::1
info: Apr-02-2022 15:55:44: PUT /notes/11 401 59 - 377.859 ms

info: Apr-02-2022 15:55:57: Server listing at http://localhost:3000
error: Apr-02-2022 15:56:01: 401 - Something went wrong with your authentication - /notes/11 - PUT - ::1
info: Apr-02-2022 15:56:01: PUT /notes/11 401 59 - 358.831 ms

info: Apr-02-2022 15:56:22: Server listing at http://localhost:3000
error: Apr-02-2022 15:56:26: 401 - Something went wrong with your authentication - /notes/11 - PUT - ::1
info: Apr-02-2022 15:56:26: PUT /notes/11 401 59 - 438.218 ms

info: Apr-02-2022 15:56:42: Server listing at http://localhost:3000
error: Apr-02-2022 15:56:44: 401 - Something went wrong with your authentication - /notes/11 - PUT - ::1
info: Apr-02-2022 15:56:44: PUT /notes/11 401 59 - 813.304 ms

info: Apr-02-2022 15:57:27: Server listing at http://localhost:3000
error: Apr-02-2022 15:57:29: 401 - Something went wrong with your authentication - /notes/11 - PUT - ::1
info: Apr-02-2022 15:57:29: PUT /notes/11 401 59 - 361.121 ms

info: Apr-02-2022 15:57:46: Server listing at http://localhost:3000
info: Apr-02-2022 15:57:47: Server listing at http://localhost:3000
error: Apr-02-2022 15:57:53: 401 - Something went wrong with your authentication - /notes/11 - PUT - ::1
info: Apr-02-2022 15:57:53: PUT /notes/11 401 59 - 415.394 ms

error: Apr-02-2022 15:59:20: 401 - Something went wrong with your authentication - /notes/11 - PUT - ::1
info: Apr-02-2022 15:59:20: PUT /notes/11 401 59 - 435.466 ms

info: Apr-02-2022 15:59:41: Server listing at http://localhost:3000
error: Apr-02-2022 15:59:43: 401 - Something went wrong with your authentication - /notes/11 - PUT - ::1
info: Apr-02-2022 15:59:43: PUT /notes/11 401 59 - 408.529 ms

info: Apr-02-2022 16:00:01: Server listing at http://localhost:3000
info: Apr-02-2022 16:00:04: Server listing at http://localhost:3000
info: Apr-02-2022 16:00:07: PUT /notes/11 200 275 - 378.790 ms

info: Apr-02-2022 16:05:00: Server listing at http://localhost:3000
info: Apr-02-2022 16:05:02: Server listing at http://localhost:3000
info: Apr-02-2022 16:05:07: Server listing at http://localhost:3000
info: Apr-02-2022 16:05:10: Server listing at http://localhost:3000
info: Apr-02-2022 16:05:24: Server listing at http://localhost:3000
info: Apr-02-2022 16:05:43: Server listing at http://localhost:3000
info: Apr-02-2022 16:06:32: Server listing at http://localhost:3000
error: Apr-02-2022 16:06:37: 500 - Internal server error - /notes/9 - GET - ::1
info: Apr-02-2022 16:06:37: GET /notes/9 500 35 - 312.942 ms

info: Apr-02-2022 16:06:57: Server listing at http://localhost:3000
error: Apr-02-2022 16:07:00: 500 - Internal server error - /notes/9 - GET - ::1
info: Apr-02-2022 16:07:00: GET /notes/9 500 35 - 334.496 ms

info: Apr-02-2022 16:07:42: Server listing at http://localhost:3000
error: Apr-02-2022 16:07:45: 500 - Internal server error - /notes/9 - GET - ::1
info: Apr-02-2022 16:07:45: GET /notes/9 500 35 - 378.090 ms

info: Apr-02-2022 16:11:08: Server listing at http://localhost:3000
error: Apr-02-2022 16:11:11: 500 - Internal server error - /notes/9 - GET - ::1
info: Apr-02-2022 16:11:11: GET /notes/9 500 35 - 298.049 ms

info: Apr-02-2022 16:24:12: Server listing at http://localhost:3000
info: Apr-02-2022 16:24:38: Server listing at http://localhost:3000
info: Apr-02-2022 16:25:36: Server listing at http://localhost:3000
info: Apr-02-2022 16:25:42: Server listing at http://localhost:3000
info: Apr-02-2022 16:25:56: Server listing at http://localhost:3000
info: Apr-02-2022 16:26:17: Server listing at http://localhost:3000
error: Apr-02-2022 16:26:22: 500 - Internal server error - /notes/9 - GET - ::1
info: Apr-02-2022 16:26:22: GET /notes/9 500 35 - 352.770 ms

info: Apr-02-2022 18:47:36: Server listing at http://localhost:3000
info: Apr-02-2022 18:49:06: Server listing at http://localhost:3000
info: Apr-02-2022 18:49:10: Server listing at http://localhost:3000
info: Apr-02-2022 18:49:11: Server listing at http://localhost:3000
info: Apr-02-2022 18:49:28: Server listing at http://localhost:3000
info: Apr-02-2022 18:49:51: Server listing at http://localhost:3000
error: Apr-02-2022 18:49:54: 500 - Internal server error - /notes/9 - GET - ::1
info: Apr-02-2022 18:49:54: GET /notes/9 500 35 - 466.067 ms

info: Apr-02-2022 19:27:30: Server listing at http://localhost:3000
info: Apr-02-2022 19:27:31: GET /notes/9 200 532 - 310.225 ms

info: Apr-02-2022 19:27:57: Server listing at http://localhost:3000
info: Apr-02-2022 19:28:00: GET /notes/9 200 557 - 339.988 ms

info: Apr-02-2022 19:28:21: Server listing at http://localhost:3000
info: Apr-02-2022 19:28:38: Server listing at http://localhost:3000
info: Apr-02-2022 19:28:54: Server listing at http://localhost:3000
error: Apr-02-2022 19:28:57: 500 - Internal server error - /notes/9 - GET - ::1
info: Apr-02-2022 19:28:57: GET /notes/9 500 35 - 373.947 ms

info: Apr-02-2022 19:29:04: Server listing at http://localhost:3000
info: Apr-02-2022 19:29:06: GET /notes/9 200 142 - 332.624 ms

error: Apr-02-2022 19:29:44: 403 - This user dont have access - /notes/11 - PUT - ::1
info: Apr-02-2022 19:29:44: PUT /notes/11 403 40 - 648.852 ms

info: Apr-02-2022 19:30:26: POST /authentications 201 370 - 538.555 ms

error: Apr-02-2022 19:30:39: 403 - This user dont have access - /notes/11 - PUT - ::1
info: Apr-02-2022 19:30:39: PUT /notes/11 403 40 - 26.182 ms

error: Apr-02-2022 19:30:47: 403 - This user dont have access - /notes/11 - PUT - ::1
info: Apr-02-2022 19:30:47: PUT /notes/11 403 40 - 5.953 ms

info: Apr-02-2022 19:31:09: Server listing at http://localhost:3000
info: Apr-02-2022 19:31:36: Server listing at http://localhost:3000
error: Apr-02-2022 19:33:14: 403 - This user dont have access - /notes/11 - PUT - ::1
info: Apr-02-2022 19:33:14: PUT /notes/11 403 40 - 513.464 ms

info: Apr-02-2022 19:34:06: Server listing at http://localhost:3000
error: Apr-02-2022 19:34:09: 401 - Something went wrong with your authentication - /notes/11 - PUT - ::1
info: Apr-02-2022 19:34:09: PUT /notes/11 401 59 - 344.882 ms

info: Apr-02-2022 19:34:26: Server listing at http://localhost:3000
info: Apr-02-2022 19:34:34: Server listing at http://localhost:3000
error: Apr-02-2022 19:34:35: 403 - This user dont have access - /notes/11 - PUT - ::1
info: Apr-02-2022 19:34:35: PUT /notes/11 403 40 - 421.082 ms

info: Apr-02-2022 19:35:32: Server listing at http://localhost:3000
error: Apr-02-2022 19:35:36: 403 - This user dont have access - /notes/11 - PUT - ::1
info: Apr-02-2022 19:35:36: PUT /notes/11 403 40 - 641.297 ms

info: Apr-02-2022 19:35:47: GET /notes/9 200 142 - 2.324 ms

info: Apr-02-2022 19:36:09: Server listing at http://localhost:3000
info: Apr-02-2022 19:36:11: GET /notes/9 200 142 - 293.213 ms

info: Apr-02-2022 19:37:37: Server listing at http://localhost:3000
info: Apr-02-2022 19:37:41: GET /notes/9 200 557 - 234.137 ms

info: Apr-02-2022 19:39:15: Server listing at http://localhost:3000
info: Apr-02-2022 19:39:18: GET /notes/9 200 557 - 383.698 ms

info: Apr-02-2022 19:39:57: Server listing at http://localhost:3000
info: Apr-02-2022 19:41:37: Server listing at http://localhost:3000
error: Apr-02-2022 19:41:38: 403 - This user dont have access - /notes/11 - PUT - ::1
info: Apr-02-2022 19:41:38: PUT /notes/11 403 40 - 172.895 ms

info: Apr-02-2022 19:42:02: Server listing at http://localhost:3000
info: Apr-02-2022 19:42:27: Server listing at http://localhost:3000
info: Apr-02-2022 19:43:03: GET /notes/9 200 154 - 463.976 ms

info: Apr-02-2022 19:44:38: Server listing at http://localhost:3000
info: Apr-02-2022 19:44:45: Server listing at http://localhost:3000
info: Apr-02-2022 19:45:07: Server listing at http://localhost:3000
info: Apr-02-2022 19:45:15: Server listing at http://localhost:3000
info: Apr-02-2022 19:45:18: GET /notes/9 200 142 - 322.647 ms

info: Apr-02-2022 19:45:39: Server listing at http://localhost:3000
info: Apr-02-2022 19:45:44: GET /notes/9 200 142 - 390.512 ms

info: Apr-02-2022 19:46:07: Server listing at http://localhost:3000
info: Apr-02-2022 19:46:10: Server listing at http://localhost:3000
info: Apr-02-2022 19:46:17: PUT /notes/11 200 275 - 462.003 ms

info: Apr-02-2022 19:47:23: Server listing at http://localhost:3000
info: Apr-02-2022 19:47:38: Server listing at http://localhost:3000
info: Apr-02-2022 19:49:27: Server listing at http://localhost:3000
info: Apr-02-2022 19:49:55: Server listing at http://localhost:3000
info: Apr-02-2022 19:50:02: PUT /notes/11 200 275 - 425.148 ms

error: Apr-02-2022 19:50:02: uncaughtException: Cannot read property 'rows' of undefined
TypeError: Cannot read property 'rows' of undefined
    at D:\Code\recruitment\dipay\dipay-recrutment\src\models\note.models.js:77:32
    at Query.<anonymous> (D:\Code\recruitment\dipay\dipay-recrutment\node_modules\pg-pool\index.js:417:18)
    at Query.handleReadyForQuery (D:\Code\recruitment\dipay\dipay-recrutment\node_modules\pg\lib\query.js:138:12)
    at Client._handleReadyForQuery (D:\Code\recruitment\dipay\dipay-recrutment\node_modules\pg\lib\client.js:290:19)
    at Connection.emit (events.js:375:28)
    at D:\Code\recruitment\dipay\dipay-recrutment\node_modules\pg\lib\connection.js:114:12
    at Parser.parse (D:\Code\recruitment\dipay\dipay-recrutment\node_modules\pg-protocol\dist\parser.js:40:17)
    at Socket.<anonymous> (D:\Code\recruitment\dipay\dipay-recrutment\node_modules\pg-protocol\dist\index.js:11:42)
    at Socket.emit (events.js:375:28)
    at addChunk (internal/streams/readable.js:290:12)
info: Apr-02-2022 19:50:25: Server listing at http://localhost:3000
info: Apr-02-2022 19:50:27: PUT /notes/11 200 275 - 342.695 ms

error: Apr-02-2022 19:50:27: uncaughtException: Cannot read property 'rows' of undefined
TypeError: Cannot read property 'rows' of undefined
    at D:\Code\recruitment\dipay\dipay-recrutment\src\models\note.models.js:77:32
    at Query.<anonymous> (D:\Code\recruitment\dipay\dipay-recrutment\node_modules\pg-pool\index.js:417:18)
    at Query.handleReadyForQuery (D:\Code\recruitment\dipay\dipay-recrutment\node_modules\pg\lib\query.js:138:12)
    at Client._handleReadyForQuery (D:\Code\recruitment\dipay\dipay-recrutment\node_modules\pg\lib\client.js:290:19)
    at Connection.emit (events.js:375:28)
    at D:\Code\recruitment\dipay\dipay-recrutment\node_modules\pg\lib\connection.js:114:12
    at Parser.parse (D:\Code\recruitment\dipay\dipay-recrutment\node_modules\pg-protocol\dist\parser.js:40:17)
    at Socket.<anonymous> (D:\Code\recruitment\dipay\dipay-recrutment\node_modules\pg-protocol\dist\index.js:11:42)
    at Socket.emit (events.js:375:28)
    at addChunk (internal/streams/readable.js:290:12)
info: Apr-02-2022 19:50:49: Server listing at http://localhost:3000
info: Apr-02-2022 19:50:51: PUT /notes/11 200 275 - 378.567 ms

info: Apr-02-2022 19:51:04: Server listing at http://localhost:3000
info: Apr-02-2022 19:51:30: Server listing at http://localhost:3000
info: Apr-02-2022 19:52:28: Server listing at http://localhost:3000
info: Apr-02-2022 19:52:45: Server listing at http://localhost:3000
info: Apr-02-2022 19:52:54: Server listing at http://localhost:3000
info: Apr-02-2022 19:53:26: Server listing at http://localhost:3000
info: Apr-02-2022 19:53:35: Server listing at http://localhost:3000
info: Apr-02-2022 19:53:42: Server listing at http://localhost:3000
info: Apr-02-2022 19:53:55: Server listing at http://localhost:3000
info: Apr-02-2022 19:53:58: Server listing at http://localhost:3000
info: Apr-02-2022 19:54:01: PUT /notes/11 200 108 - 542.096 ms

info: Apr-02-2022 19:54:41: Server listing at http://localhost:3000
info: Apr-02-2022 19:54:43: PUT /notes/11 200 108 - 364.421 ms

info: Apr-02-2022 19:54:52: Server listing at http://localhost:3000
info: Apr-02-2022 19:54:54: PUT /notes/11 200 108 - 376.191 ms

info: Apr-02-2022 19:56:04: Server listing at http://localhost:3000
info: Apr-02-2022 19:56:34: Server listing at http://localhost:3000
info: Apr-02-2022 19:56:41: Server listing at http://localhost:3000
info: Apr-02-2022 19:56:58: Server listing at http://localhost:3000
info: Apr-02-2022 19:57:09: Server listing at http://localhost:3000
info: Apr-02-2022 19:57:14: Server listing at http://localhost:3000
info: Apr-02-2022 19:57:19: PUT /notes/11 200 107 - 443.484 ms

info: Apr-02-2022 19:58:05: Server listing at http://localhost:3000
info: Apr-02-2022 19:58:10: PUT /notes/11 200 144 - 221.043 ms

info: Apr-02-2022 20:00:05: Server listing at http://localhost:3000
info: Apr-02-2022 20:00:34: Server listing at http://localhost:3000
info: Apr-02-2022 20:00:46: Server listing at http://localhost:3000
info: Apr-02-2022 20:01:03: Server listing at http://localhost:3000
info: Apr-02-2022 20:01:10: GET /notes/9 200 141 - 184.506 ms

info: Apr-02-2022 20:01:51: DELETE /notes/11 200 52 - 377.843 ms

info: Apr-02-2022 20:02:14: GET /notes 200 1630 - 5.411 ms

info: Apr-02-2022 20:03:04: POST /notes 201 41 - 405.490 ms

info: Apr-02-2022 20:03:25: GET /notes 200 1885 - 5.921 ms

info: Apr-02-2022 20:04:59: GET /notes/9 200 141 - 351.905 ms

error: Apr-02-2022 20:05:51: 401 - Something went wrong with your authentication - /notes/11 - PUT - ::1
info: Apr-02-2022 20:05:51: PUT /notes/11 401 59 - 324.110 ms

error: Apr-02-2022 20:06:33: 401 - Something went wrong with your authentication - /notes/11 - PUT - ::1
info: Apr-02-2022 20:06:33: PUT /notes/11 401 59 - 323.047 ms

error: Apr-02-2022 20:07:53: 401 - Something went wrong with your authentication - /notes/11 - PUT - ::1
info: Apr-02-2022 20:07:53: PUT /notes/11 401 59 - 323.271 ms

info: Apr-02-2022 20:08:38: Server listing at http://localhost:3000
error: Apr-02-2022 20:08:41: 401 - Something went wrong with your authentication - /notes/11 - PUT - ::1
info: Apr-02-2022 20:08:41: PUT /notes/11 401 59 - 508.737 ms

info: Apr-02-2022 20:09:43: Server listing at http://localhost:3000
error: Apr-02-2022 20:09:46: 401 - Something went wrong with your authentication - /notes/11 - PUT - ::1
info: Apr-02-2022 20:09:46: PUT /notes/11 401 59 - 660.449 ms

info: Apr-02-2022 20:10:10: Server listing at http://localhost:3000
error: Apr-02-2022 20:10:11: 401 - Something went wrong with your authentication - /notes/11 - PUT - ::1
info: Apr-02-2022 20:10:11: PUT /notes/11 401 59 - 451.093 ms

info: Apr-02-2022 20:10:26: Server listing at http://localhost:3000
error: Apr-02-2022 20:10:30: 401 - Something went wrong with your authentication - /notes/11 - PUT - ::1
info: Apr-02-2022 20:10:30: PUT /notes/11 401 59 - 430.604 ms

info: Apr-02-2022 20:11:08: Server listing at http://localhost:3000
error: Apr-02-2022 20:11:12: 401 - Something went wrong with your authentication - /notes/11 - PUT - ::1
info: Apr-02-2022 20:11:12: PUT /notes/11 401 59 - 684.923 ms

info: Apr-02-2022 20:11:35: Server listing at http://localhost:3000
info: Apr-02-2022 20:11:38: Server listing at http://localhost:3000
info: Apr-02-2022 20:11:44: PUT /notes/12 200 144 - 411.333 ms

info: Apr-02-2022 20:12:24: DELETE /notes/12 200 52 - 405.103 ms

info: Apr-02-2022 20:13:37: Server listing at http://localhost:3000
info: Apr-02-2022 20:13:52: POST /users 201 31 - 547.008 ms

info: Apr-02-2022 20:14:01: POST /authentications 201 370 - 232.873 ms

info: Apr-02-2022 20:14:17: PUT /authentications 200 199 - 19.943 ms

error: Apr-02-2022 20:14:43: 401 - User not found! - /authentications - DELETE - ::1
info: Apr-02-2022 20:14:43: DELETE /authentications 401 29 - 3.769 ms

info: Apr-02-2022 20:14:59: DELETE /authentications 200 21 - 8.285 ms

info: Apr-02-2022 20:15:04: POST /authentications 201 370 - 116.783 ms

info: Apr-02-2022 20:15:37: POST /notes 201 41 - 226.569 ms

info: Apr-02-2022 20:15:45: GET /notes 200 1862 - 4.602 ms

info: Apr-02-2022 20:16:09: GET /notes/13 200 119 - 2.126 ms

info: Apr-02-2022 20:16:22: PUT /notes/13 200 144 - 24.742 ms

info: Apr-02-2022 20:16:46: DELETE /notes/13 200 52 - 6.019 ms

